  Camera.cpp
  main.cpp
C:\Users\romas\bowling\src\main.cpp(100,63): warning C4305: 'argument': truncation from 'double' to 'physx::PxReal'
C:\Users\romas\bowling\src\main.cpp(113,88): warning C4244: 'argument': conversion from 'int' to 'float', possible loss of data
C:\Users\romas\bowling\src\main.cpp(122,61): warning C4244: 'argument': conversion from 'int' to 'float', possible loss of data
C:\Users\romas\bowling\src\main.cpp(131,90): warning C4244: 'argument': conversion from 'double' to 'float', possible loss of data
C:\Users\romas\bowling\src\main.cpp(141,63): warning C4244: 'argument': conversion from 'double' to 'float', possible loss of data
C:\Users\romas\bowling\src\main.cpp(150,88): warning C4244: 'argument': conversion from 'int' to 'float', possible loss of data
C:\Users\romas\bowling\src\main.cpp(160,61): warning C4244: 'argument': conversion from 'int' to 'float', possible loss of data
C:\Users\romas\bowling\src\main.cpp(187,67): warning C4305: 'argument': truncation from 'double' to 'physx::PxReal'
C:\Users\romas\bowling\src\main.cpp(400,15): warning C4244: 'argument': conversion from 'time_t' to 'unsigned int', possible loss of data
  Physics.cpp
  Render_Utils.cpp
  Shader_Loader.cpp
  Texture.cpp
  image_DXT.c
C:\Users\romas\bowling\src\SOIL\image_DXT.c(92,1): warning C4996: 'fopen': This function or variable may be unsafe. Consider using fopen_s instead. To disable deprecation, use _CRT_SECURE_NO_WARNINGS. See online help for details.
C:\Windows Kits\10\Include\10.0.18362.0\ucrt\stdio.h(208): message : see declaration of 'fopen'
  image_helper.c
C:\Users\romas\bowling\src\SOIL\image_helper.c(325,1): warning C4244: 'initializing': conversion from 'double' to 'float', possible loss of data
C:\Users\romas\bowling\src\SOIL\image_helper.c(366,58): warning C4244: '=': conversion from 'double' to 'float', possible loss of data
C:\Users\romas\bowling\src\SOIL\image_helper.c(373,46): warning C4244: '=': conversion from 'float' to 'int', possible loss of data
C:\Users\romas\bowling\src\SOIL\image_helper.c(415,58): warning C4244: '=': conversion from 'double' to 'float', possible loss of data
C:\Users\romas\bowling\src\SOIL\image_helper.c(422,62): warning C4244: '=': conversion from 'float' to 'int', possible loss of data
  SOIL.c
C:\Users\romas\bowling\src\SOIL\SOIL.c(1719,36): warning C4018: '<=': signed/unsigned mismatch
C:\Users\romas\bowling\src\SOIL\SOIL.c(1729,19): warning C4018: '<': signed/unsigned mismatch
C:\Users\romas\bowling\src\SOIL\SOIL.c(1841,1): warning C4996: 'fopen': This function or variable may be unsafe. Consider using fopen_s instead. To disable deprecation, use _CRT_SECURE_NO_WARNINGS. See online help for details.
C:\Windows Kits\10\Include\10.0.18362.0\ucrt\stdio.h(208): message : see declaration of 'fopen'
  stb_image_aug.c
C:\Users\romas\bowling\src\SOIL\stb_image_aug.c(177,1): warning C4996: 'fopen': This function or variable may be unsafe. Consider using fopen_s instead. To disable deprecation, use _CRT_SECURE_NO_WARNINGS. See online help for details.
C:\Windows Kits\10\Include\10.0.18362.0\ucrt\stdio.h(208): message : see declaration of 'fopen'
C:\Users\romas\bowling\src\SOIL\stb_image_aug.c(251,1): warning C4996: 'fopen': This function or variable may be unsafe. Consider using fopen_s instead. To disable deprecation, use _CRT_SECURE_NO_WARNINGS. See online help for details.
C:\Windows Kits\10\Include\10.0.18362.0\ucrt\stdio.h(208): message : see declaration of 'fopen'
C:\Users\romas\bowling\src\SOIL\stb_image_aug.c(303,1): warning C4996: 'fopen': This function or variable may be unsafe. Consider using fopen_s instead. To disable deprecation, use _CRT_SECURE_NO_WARNINGS. See online help for details.
C:\Windows Kits\10\Include\10.0.18362.0\ucrt\stdio.h(208): message : see declaration of 'fopen'
C:\Users\romas\bowling\src\SOIL\stb_image_aug.c(1557,1): warning C4996: 'fopen': This function or variable may be unsafe. Consider using fopen_s instead. To disable deprecation, use _CRT_SECURE_NO_WARNINGS. See online help for details.
C:\Windows Kits\10\Include\10.0.18362.0\ucrt\stdio.h(208): message : see declaration of 'fopen'
C:\Users\romas\bowling\src\SOIL\stb_image_aug.c(2394,1): warning C4996: 'fopen': This function or variable may be unsafe. Consider using fopen_s instead. To disable deprecation, use _CRT_SECURE_NO_WARNINGS. See online help for details.
C:\Windows Kits\10\Include\10.0.18362.0\ucrt\stdio.h(208): message : see declaration of 'fopen'
C:\Users\romas\bowling\src\SOIL\stb_image_aug.c(2709,1): warning C4996: 'fopen': This function or variable may be unsafe. Consider using fopen_s instead. To disable deprecation, use _CRT_SECURE_NO_WARNINGS. See online help for details.
C:\Windows Kits\10\Include\10.0.18362.0\ucrt\stdio.h(208): message : see declaration of 'fopen'
C:\Users\romas\bowling\src\SOIL\stb_image_aug.c(2995,1): warning C4996: 'fopen': This function or variable may be unsafe. Consider using fopen_s instead. To disable deprecation, use _CRT_SECURE_NO_WARNINGS. See online help for details.
C:\Windows Kits\10\Include\10.0.18362.0\ucrt\stdio.h(208): message : see declaration of 'fopen'
C:\Users\romas\bowling\src\SOIL\stb_image_aug.c(3209,1): warning C4996: 'fopen': This function or variable may be unsafe. Consider using fopen_s instead. To disable deprecation, use _CRT_SECURE_NO_WARNINGS. See online help for details.
C:\Windows Kits\10\Include\10.0.18362.0\ucrt\stdio.h(208): message : see declaration of 'fopen'
C:\Users\romas\bowling\src\SOIL\stb_image_aug.c(3548,1): warning C4996: 'fopen': This function or variable may be unsafe. Consider using fopen_s instead. To disable deprecation, use _CRT_SECURE_NO_WARNINGS. See online help for details.
C:\Windows Kits\10\Include\10.0.18362.0\ucrt\stdio.h(208): message : see declaration of 'fopen'
C:\Users\romas\bowling\src\SOIL\stb_image_aug.c(3644,1): warning C4996: 'fopen': This function or variable may be unsafe. Consider using fopen_s instead. To disable deprecation, use _CRT_SECURE_NO_WARNINGS. See online help for details.
C:\Windows Kits\10\Include\10.0.18362.0\ucrt\stdio.h(208): message : see declaration of 'fopen'
C:\Users\romas\bowling\src\SOIL\stbi_DDS_aug_c.h(362,19): warning C4018: '>': signed/unsigned mismatch
C:\Users\romas\bowling\src\SOIL\stbi_DDS_aug_c.h(366,19): warning C4018: '>': signed/unsigned mismatch
C:\Users\romas\bowling\src\SOIL\stbi_DDS_aug_c.h(390,19): warning C4018: '<': signed/unsigned mismatch
C:\Users\romas\bowling\src\SOIL\stbi_DDS_aug_c.h(427,19): warning C4018: '<': signed/unsigned mismatch
C:\Users\romas\bowling\src\SOIL\stbi_DDS_aug_c.h(498,1): warning C4996: 'fopen': This function or variable may be unsafe. Consider using fopen_s instead. To disable deprecation, use _CRT_SECURE_NO_WARNINGS. See online help for details.
C:\Windows Kits\10\Include\10.0.18362.0\ucrt\stdio.h(208): message : see declaration of 'fopen'
  Generating code
  Previous IPDB not found, fall back to full compilation.
  All 1506 functions were compiled because no usable IPDB/IOBJ from previous compilation was found.
  Finished generating code
PhysXExtensions_static_32.lib(ExtCpuWorkerThread.obj) : warning LNK4099: PDB 'PhysXExtensions_static_32.pdb' was not found with 'PhysXExtensions_static_32.lib(ExtCpuWorkerThread.obj)' or at 'C:\Users\romas\bowling\Release\PhysXExtensions_static_32.pdb'; linking object as if no debug info
PhysXExtensions_static_32.lib(ExtDefaultCpuDispatcher.obj) : warning LNK4099: PDB 'PhysXExtensions_static_32.pdb' was not found with 'PhysXExtensions_static_32.lib(ExtDefaultCpuDispatcher.obj)' or at 'C:\Users\romas\bowling\Release\PhysXExtensions_static_32.pdb'; linking object as if no debug info
PhysXExtensions_static_32.lib(ExtDefaultErrorCallback.obj) : warning LNK4099: PDB 'PhysXExtensions_static_32.pdb' was not found with 'PhysXExtensions_static_32.lib(ExtDefaultErrorCallback.obj)' or at 'C:\Users\romas\bowling\Release\PhysXExtensions_static_32.pdb'; linking object as if no debug info
PhysXExtensions_static_32.lib(ExtDefaultSimulationFilterShader.obj) : warning LNK4099: PDB 'PhysXExtensions_static_32.pdb' was not found with 'PhysXExtensions_static_32.lib(ExtDefaultSimulationFilterShader.obj)' or at 'C:\Users\romas\bowling\Release\PhysXExtensions_static_32.pdb'; linking object as if no debug info
PhysXExtensions_static_32.lib(ExtRigidBodyExt.obj) : warning LNK4099: PDB 'PhysXExtensions_static_32.pdb' was not found with 'PhysXExtensions_static_32.lib(ExtRigidBodyExt.obj)' or at 'C:\Users\romas\bowling\Release\PhysXExtensions_static_32.pdb'; linking object as if no debug info
  bowling.vcxproj -> C:\Users\romas\bowling\Release\bowling.exe
